c:\users\le quoc trung\documents\github\course-registration-system\main\course-registration-system\x64\debug\vc142.pdb
c:\users\le quoc trung\documents\github\course-registration-system\main\course-registration-system\x64\debug\vc142.idb
c:\users\le quoc trung\documents\github\course-registration-system\main\course-registration-system\x64\debug\tokenizer.obj
c:\users\le quoc trung\documents\github\course-registration-system\main\course-registration-system\x64\debug\source.obj
c:\users\le quoc trung\documents\github\course-registration-system\main\course-registration-system\x64\debug\login_system.obj
c:\users\le quoc trung\documents\github\course-registration-system\main\course-registration-system\x64\debug\console.obj
c:\users\le quoc trung\documents\github\course-registration-system\main\course-registration-system\x64\debug\time.obj
c:\users\le quoc trung\documents\github\course-registration-system\main\course-registration-system\x64\debug\school.obj
c:\users\le quoc trung\documents\github\course-registration-system\main\course-registration-system\x64\debug\file.obj
c:\users\le quoc trung\documents\github\course-registration-system\main\course-registration-system\x64\debug\display.obj
c:\users\le quoc trung\documents\github\course-registration-system\main\x64\debug\course-registration-system.pdb
c:\users\le quoc trung\documents\github\course-registration-system\main\course-registration-system\x64\debug\course-r.101daf2d.tlog\cl.command.1.tlog
c:\users\le quoc trung\documents\github\course-registration-system\main\course-registration-system\x64\debug\course-r.101daf2d.tlog\cl.read.1.tlog
c:\users\le quoc trung\documents\github\course-registration-system\main\course-registration-system\x64\debug\course-r.101daf2d.tlog\cl.write.1.tlog
c:\users\le quoc trung\documents\github\course-registration-system\main\course-registration-system\x64\debug\course-r.101daf2d.tlog\link-cvtres.read.1.tlog
c:\users\le quoc trung\documents\github\course-registration-system\main\course-registration-system\x64\debug\course-r.101daf2d.tlog\link-cvtres.write.1.tlog
c:\users\le quoc trung\documents\github\course-registration-system\main\course-registration-system\x64\debug\course-r.101daf2d.tlog\link-rc.read.1.tlog
c:\users\le quoc trung\documents\github\course-registration-system\main\course-registration-system\x64\debug\course-r.101daf2d.tlog\link-rc.write.1.tlog
c:\users\le quoc trung\documents\github\course-registration-system\main\course-registration-system\x64\debug\course-r.101daf2d.tlog\link.13156-cvtres.read.1.tlog
c:\users\le quoc trung\documents\github\course-registration-system\main\course-registration-system\x64\debug\course-r.101daf2d.tlog\link.13156-cvtres.write.1.tlog
c:\users\le quoc trung\documents\github\course-registration-system\main\course-registration-system\x64\debug\course-r.101daf2d.tlog\link.13156-rc.read.1.tlog
c:\users\le quoc trung\documents\github\course-registration-system\main\course-registration-system\x64\debug\course-r.101daf2d.tlog\link.13156-rc.write.1.tlog
c:\users\le quoc trung\documents\github\course-registration-system\main\course-registration-system\x64\debug\course-r.101daf2d.tlog\link.13156.read.1.tlog
c:\users\le quoc trung\documents\github\course-registration-system\main\course-registration-system\x64\debug\course-r.101daf2d.tlog\link.13156.write.1.tlog
c:\users\le quoc trung\documents\github\course-registration-system\main\course-registration-system\x64\debug\course-r.101daf2d.tlog\link.command.1.tlog
c:\users\le quoc trung\documents\github\course-registration-system\main\course-registration-system\x64\debug\course-r.101daf2d.tlog\link.read.1.tlog
c:\users\le quoc trung\documents\github\course-registration-system\main\course-registration-system\x64\debug\course-r.101daf2d.tlog\link.write.1.tlog
